<?xml version="1.0" encoding="UTF-8"?>
<testsuite xmlns:xsi="http://www.w3.org/2001/XMLSchema-instance" xsi:noNamespaceSchemaLocation="https://maven.apache.org/surefire/maven-surefire-plugin/xsd/surefire-test-report-3.0.xsd" version="3.0" name="com.product.manager.domain.services.ProductSortingServiceTest" time="0.035" tests="11" errors="0" skipped="0" failures="0">
  <properties>
[...]
</properties>
  <testcase name="shouldSortProductsByStockRatioOnly" classname="com.product.manager.domain.services.ProductSortingServiceTest" time="0.006"/>
  <testcase name="shouldNotModifyOriginalList" classname="com.product.manager.domain.services.ProductSortingServiceTest" time="0.001"/>
  <testcase name="shouldThrowExceptionForInvalidCriteria" classname="com.product.manager.domain.services.ProductSortingServiceTest" time="0.003"/>
  <testcase name="shouldHandleEmptyProductList" classname="com.product.manager.domain.services.ProductSortingServiceTest" time="0.002"/>
  <testcase name="shouldHandleProductsWithZeroSales" classname="com.product.manager.domain.services.ProductSortingServiceTest" time="0.002"/>
  <testcase name="shouldHandleSingleProduct" classname="com.product.manager.domain.services.ProductSortingServiceTest" time="0.002"/>
  <testcase name="shouldHandleProductsWithSameSales" classname="com.product.manager.domain.services.ProductSortingServiceTest" time="0.001"/>
  <testcase name="shouldHandleNullCriteria" classname="com.product.manager.domain.services.ProductSortingServiceTest" time="0.001"/>
  <testcase name="shouldSortProductsByWeightedCriteria" classname="com.product.manager.domain.services.ProductSortingServiceTest" time="0.0"/>
  <testcase name="shouldSortProductsBySalesOnly" classname="com.product.manager.domain.services.ProductSortingServiceTest" time="0.001"/>
  <testcase name="shouldCalculateScoresCorrectly" classname="com.product.manager.domain.services.ProductSortingServiceTest" time="0.007"/>
</testsuite>