<?xml version="1.0" encoding="UTF-8"?>
<testsuite xmlns:xsi="http://www.w3.org/2001/XMLSchema-instance" xsi:noNamespaceSchemaLocation="https://maven.apache.org/surefire/maven-surefire-plugin/xsd/surefire-test-report-3.0.xsd" version="3.0" name="com.product.manager.driving.controllers.mappers.ProductMapperTest" time="0.575" tests="20" errors="0" skipped="0" failures="0">
  <properties>
[...]
</properties>
  <testcase name="shouldHandleNullWeightsInRequest" classname="com.product.manager.driving.controllers.mappers.ProductMapperTest" time="0.517"/>
  <testcase name="shouldHandleNullProductsListInResponse" classname="com.product.manager.driving.controllers.mappers.ProductMapperTest" time="0.001"/>
  <testcase name="shouldHandleNullCriteriaInWeightsDto" classname="com.product.manager.driving.controllers.mappers.ProductMapperTest" time="0.002"/>
  <testcase name="shouldHandleNullCriteriaInWeightsMap" classname="com.product.manager.driving.controllers.mappers.ProductMapperTest" time="0.002"/>
  <testcase name="shouldMapSortProductsRequestWithBalancedWeights" classname="com.product.manager.driving.controllers.mappers.ProductMapperTest" time="0.002"/>
  <testcase name="shouldMapSingleProductToProductDto" classname="com.product.manager.driving.controllers.mappers.ProductMapperTest" time="0.003"/>
  <testcase name="shouldHandlePartialWeightsInCriteria" classname="com.product.manager.driving.controllers.mappers.ProductMapperTest" time="0.001"/>
  <testcase name="shouldCalculateTotalProductsForNullList" classname="com.product.manager.driving.controllers.mappers.ProductMapperTest" time="0.001"/>
  <testcase name="shouldMapEmptyProductListToResponse" classname="com.product.manager.driving.controllers.mappers.ProductMapperTest" time="0.002"/>
  <testcase name="shouldConvertCriteriaToWeightsDto" classname="com.product.manager.driving.controllers.mappers.ProductMapperTest" time="0.001"/>
  <testcase name="shouldConvertCriteriaToWeightsMap" classname="com.product.manager.driving.controllers.mappers.ProductMapperTest" time="0.001"/>
  <testcase name="shouldMapSortProductsRequestWithZeroWeights" classname="com.product.manager.driving.controllers.mappers.ProductMapperTest" time="0.001"/>
  <testcase name="shouldGenerateCurrentTimestamp" classname="com.product.manager.driving.controllers.mappers.ProductMapperTest" time="0.001"/>
  <testcase name="shouldMapSortProductsRequestWithSalesOnlyWeight" classname="com.product.manager.driving.controllers.mappers.ProductMapperTest" time="0.001"/>
  <testcase name="shouldMapProductListToProductDtoList" classname="com.product.manager.driving.controllers.mappers.ProductMapperTest" time="0.001"/>
  <testcase name="shouldMapProductsToSortProductsResponse" classname="com.product.manager.driving.controllers.mappers.ProductMapperTest" time="0.002"/>
  <testcase name="shouldMapSortProductsRequestToSortingCriteria" classname="com.product.manager.driving.controllers.mappers.ProductMapperTest" time="0.001"/>
  <testcase name="shouldHandlePartialWeightsInCriteriaDto" classname="com.product.manager.driving.controllers.mappers.ProductMapperTest" time="0.001"/>
  <testcase name="shouldCalculateTotalProductsForEmptyList" classname="com.product.manager.driving.controllers.mappers.ProductMapperTest" time="0.001"/>
  <testcase name="shouldCalculateTotalProducts" classname="com.product.manager.driving.controllers.mappers.ProductMapperTest" time="0.001"/>
</testsuite>