<?xml version="1.0" encoding="UTF-8"?>
<testsuite xmlns:xsi="http://www.w3.org/2001/XMLSchema-instance" xsi:noNamespaceSchemaLocation="https://maven.apache.org/surefire/maven-surefire-plugin/xsd/surefire-test-report-3.0.xsd" version="3.0" name="com.product.manager.driven.repositories.adapters.ProductRepositoryAdapterTest" time="0.654" tests="3" errors="0" skipped="0" failures="0">
  <properties>
[...]
</properties>
  <testcase name="shouldFindAllProductsForSorting" classname="com.product.manager.driven.repositories.adapters.ProductRepositoryAdapterTest" time="0.634"/>
  <testcase name="shouldHandleEmptyProductList" classname="com.product.manager.driven.repositories.adapters.ProductRepositoryAdapterTest" time="0.004"/>
  <testcase name="shouldVerifyStockDataIsCorrectlyMapped" classname="com.product.manager.driven.repositories.adapters.ProductRepositoryAdapterTest" time="0.005"/>
</testsuite>